<?xml version="1.0" encoding="UTF-8"?>
<coverage generated="1710900797472" clover="4.4.1">
   <project name="CoinChange 0.0.1-SNAPSHOT" timestamp="1710900794789">
      <metrics coveredelements="17" complexity="5" loc="26" methods="1" classes="1" statements="9" packages="1" coveredconditionals="7" coveredmethods="1" elements="18" ncloc="18" files="1" conditionals="8" coveredstatements="9"/>
      <package name="net.mooctest">
         <metrics coveredelements="17" complexity="5" loc="26" methods="1" classes="1" statements="9" coveredconditionals="7" coveredmethods="1" elements="18" ncloc="18" files="1" conditionals="8" coveredstatements="9"/>
         <file path="C:\mooctest\projects\99\76\CoinChange\src\main\java\net\mooctest\CoinChange.java" name="CoinChange.java">
            <metrics coveredelements="17" coveredconditionals="7" complexity="5" loc="26" coveredmethods="1" methods="1" elements="18" classes="1" ncloc="18" statements="9" conditionals="8" coveredstatements="9"/>
            <class name="CoinChange">
               <metrics coveredelements="17" coveredconditionals="7" complexity="5" coveredmethods="1" methods="1" elements="18" statements="9" conditionals="8" coveredstatements="9"/>
            </class>
            <line complexity="5" visibility="public" signature="coinChange(int[],int) : int" num="12" count="3" type="method"/>
            <line num="13" count="3" type="stmt"/>
            <line num="14" count="3" type="stmt"/>
            <line num="15" count="3" type="stmt"/>
            <line num="16" count="3" type="stmt"/>
            <line num="17" count="3" type="stmt"/>
            <line falsecount="3" truecount="6" num="17" type="cond"/>
            <line num="18" count="6" type="stmt"/>
            <line falsecount="6" truecount="9" num="18" type="cond"/>
            <line num="19" count="9" type="stmt"/>
            <line falsecount="0" truecount="9" num="19" type="cond"/>
            <line num="20" count="9" type="stmt"/>
            <line num="24" count="3" type="stmt"/>
            <line falsecount="2" truecount="1" num="24" type="cond"/>
         </file>
      </package>
   </project>
   <testproject name="CoinChange 0.0.1-SNAPSHOT" timestamp="1710900794789">
      <metrics coveredelements="21" complexity="6" loc="34" methods="2" classes="1" statements="12" packages="1" coveredconditionals="7" coveredmethods="2" elements="22" ncloc="26" files="1" conditionals="8" coveredstatements="12"/>
      <package name="net.mooctest">
         <metrics coveredelements="21" complexity="6" loc="34" methods="2" classes="1" statements="12" coveredconditionals="7" coveredmethods="2" elements="22" ncloc="26" files="1" conditionals="8" coveredstatements="12"/>
         <file path="C:\mooctest\projects\99\76\CoinChange\src\test\java\net\mooctest\CoinChangeTest.java" name="CoinChangeTest.java">
            <metrics coveredelements="21" coveredconditionals="7" complexity="6" loc="34" coveredmethods="2" methods="2" elements="22" classes="1" ncloc="26" statements="12" conditionals="8" coveredstatements="12"/>
            <class name="CoinChangeTest">
               <metrics coveredelements="21" complexity="6" methods="2" testruns="1" statements="12" coveredconditionals="7" coveredmethods="2" elements="22" testfailures="0" testduration="0.028" conditionals="8" coveredstatements="12" testpasses="1"/>
            </class>
            <line complexity="5" visibility="public" signature="coinChangeOri(int[],int) : int" num="11" count="3" type="method"/>
            <line num="12" count="3" type="stmt"/>
            <line num="13" count="3" type="stmt"/>
            <line num="14" count="3" type="stmt"/>
            <line num="15" count="3" type="stmt"/>
            <line num="16" count="3" type="stmt"/>
            <line falsecount="3" truecount="6" num="16" type="cond"/>
            <line num="17" count="6" type="stmt"/>
            <line falsecount="6" truecount="9" num="17" type="cond"/>
            <line num="18" count="9" type="stmt"/>
            <line falsecount="0" truecount="9" num="18" type="cond"/>
            <line num="19" count="9" type="stmt"/>
            <line num="23" count="3" type="stmt"/>
            <line falsecount="2" truecount="1" num="23" type="cond"/>
            <line complexity="1" visibility="public" signature="test0() : void" num="26" testsuccess="true" count="1" testduration="0.028" type="method"/>
            <line num="28" count="1" type="stmt"/>
            <line num="29" count="1" type="stmt"/>
            <line num="30" count="1" type="stmt"/>
         </file>
      </package>
   </testproject>
</coverage>