<?xml version="1.0" encoding="UTF-8"?>
<coverage generated="1710900809262" clover="4.4.1">
   <project name="MSD 0.0.1-SNAPSHOT" timestamp="1710900806553">
      <metrics coveredelements="118" complexity="38" loc="174" methods="11" classes="1" statements="66" packages="1" coveredconditionals="44" coveredmethods="10" elements="125" ncloc="99" files="1" conditionals="48" coveredstatements="64"/>
      <package name="net.mooctest">
         <metrics coveredelements="118" complexity="38" loc="174" methods="11" classes="1" statements="66" coveredconditionals="44" coveredmethods="10" elements="125" ncloc="99" files="1" conditionals="48" coveredstatements="64"/>
         <file path="C:\mooctest\projects\99\76\MSD\src\main\java\net\mooctest\MSD.java" name="MSD.java">
            <metrics coveredelements="118" coveredconditionals="44" complexity="38" loc="174" coveredmethods="10" methods="11" elements="125" classes="1" ncloc="99" statements="66" conditionals="48" coveredstatements="64"/>
            <class name="MSD">
               <metrics coveredelements="118" coveredconditionals="44" complexity="38" coveredmethods="10" methods="11" elements="125" statements="66" conditionals="48" coveredstatements="64"/>
            </class>
            <line complexity="1" visibility="private" signature="MSD()" num="12" count="0" type="method"/>
            <line complexity="1" visibility="public" signature="sort(String[]) : void" num="19" count="4" type="method"/>
            <line num="20" count="4" type="stmt"/>
            <line num="21" count="4" type="stmt"/>
            <line num="22" count="4" type="stmt"/>
            <line complexity="4" visibility="private" signature="charAt(String,int) : int" num="26" count="34" type="method"/>
            <line falsecount="0" truecount="34" num="27" type="cond"/>
            <line num="28" count="34" type="stmt"/>
            <line num="28" count="0" type="stmt"/>
            <line falsecount="34" truecount="0" num="28" type="cond"/>
            <line num="29" count="34" type="stmt"/>
            <line complexity="7" visibility="private" signature="sort(String[],int,int,int,String[]) : void" num="33" count="260" type="method"/>
            <line num="36" count="260" type="stmt"/>
            <line falsecount="1" truecount="259" num="36" type="cond"/>
            <line num="37" count="259" type="stmt"/>
            <line num="38" count="259" type="stmt"/>
            <line num="42" count="1" type="stmt"/>
            <line num="43" count="1" type="stmt"/>
            <line falsecount="1" truecount="17" num="43" type="cond"/>
            <line num="44" count="17" type="stmt"/>
            <line num="45" count="17" type="stmt"/>
            <line num="49" count="1" type="stmt"/>
            <line falsecount="1" truecount="257" num="49" type="cond"/>
            <line num="50" count="257" type="stmt"/>
            <line num="53" count="1" type="stmt"/>
            <line falsecount="1" truecount="17" num="53" type="cond"/>
            <line num="54" count="17" type="stmt"/>
            <line num="55" count="17" type="stmt"/>
            <line num="59" count="1" type="stmt"/>
            <line falsecount="1" truecount="17" num="59" type="cond"/>
            <line num="60" count="17" type="stmt"/>
            <line num="64" count="1" type="stmt"/>
            <line falsecount="1" truecount="256" num="64" type="cond"/>
            <line num="65" count="256" type="stmt"/>
            <line complexity="4" visibility="private" signature="insertion(String[],int,int,int) : void" num="70" count="259" type="method"/>
            <line num="71" count="259" type="stmt"/>
            <line falsecount="259" truecount="37" num="71" type="cond"/>
            <line num="72" count="37" type="stmt"/>
            <line falsecount="37" truecount="70" num="72" type="cond"/>
            <line num="73" count="70" type="stmt"/>
            <line complexity="1" visibility="private" signature="exch(String[],int,int) : void" num="77" count="70" type="method"/>
            <line num="78" count="70" type="stmt"/>
            <line num="79" count="70" type="stmt"/>
            <line num="80" count="70" type="stmt"/>
            <line complexity="4" visibility="private" signature="less(String,String,int) : boolean" num="84" count="91" type="method"/>
            <line num="86" count="91" type="stmt"/>
            <line falsecount="8" truecount="121" num="86" type="cond"/>
            <line num="87" count="121" type="stmt"/>
            <line num="87" count="67" type="stmt"/>
            <line falsecount="54" truecount="67" num="87" type="cond"/>
            <line num="88" count="54" type="stmt"/>
            <line num="88" count="16" type="stmt"/>
            <line falsecount="38" truecount="16" num="88" type="cond"/>
            <line num="90" count="8" type="stmt"/>
            <line complexity="1" visibility="public" signature="sort(int[]) : void" num="100" count="3" type="method"/>
            <line num="101" count="3" type="stmt"/>
            <line num="102" count="3" type="stmt"/>
            <line num="103" count="3" type="stmt"/>
            <line complexity="10" visibility="private" signature="sort(int[],int,int,int,int[]) : void" num="107" count="5" type="method"/>
            <line num="110" count="5" type="stmt"/>
            <line falsecount="1" truecount="4" num="110" type="cond"/>
            <line num="111" count="4" type="stmt"/>
            <line num="112" count="4" type="stmt"/>
            <line num="116" count="1" type="stmt"/>
            <line num="117" count="1" type="stmt"/>
            <line num="118" count="1" type="stmt"/>
            <line num="119" count="1" type="stmt"/>
            <line falsecount="1" truecount="19" num="119" type="cond"/>
            <line num="120" count="19" type="stmt"/>
            <line num="121" count="19" type="stmt"/>
            <line num="125" count="1" type="stmt"/>
            <line falsecount="1" truecount="256" num="125" type="cond"/>
            <line num="126" count="256" type="stmt"/>
            <line num="140" count="1" type="stmt"/>
            <line falsecount="1" truecount="19" num="140" type="cond"/>
            <line num="141" count="19" type="stmt"/>
            <line num="142" count="19" type="stmt"/>
            <line num="146" count="1" type="stmt"/>
            <line falsecount="1" truecount="19" num="146" type="cond"/>
            <line num="147" count="19" type="stmt"/>
            <line num="150" count="1" type="stmt"/>
            <line num="150" count="0" type="stmt"/>
            <line falsecount="1" truecount="0" num="150" type="cond"/>
            <line num="153" count="1" type="stmt"/>
            <line falsecount="0" truecount="1" num="153" type="cond"/>
            <line num="154" count="1" type="stmt"/>
            <line num="155" count="1" type="stmt"/>
            <line falsecount="1" truecount="256" num="155" type="cond"/>
            <line num="156" count="256" type="stmt"/>
            <line falsecount="255" truecount="1" num="156" type="cond"/>
            <line num="157" count="1" type="stmt"/>
            <line complexity="4" visibility="private" signature="insertion(int[],int,int,int) : void" num="161" count="4" type="method"/>
            <line num="162" count="4" type="stmt"/>
            <line falsecount="4" truecount="29" num="162" type="cond"/>
            <line num="163" count="29" type="stmt"/>
            <line falsecount="29" truecount="93" num="163" type="cond"/>
            <line num="164" count="93" type="stmt"/>
            <line complexity="1" visibility="private" signature="exch(int[],int,int) : void" num="168" count="93" type="method"/>
            <line num="169" count="93" type="stmt"/>
            <line num="170" count="93" type="stmt"/>
            <line num="171" count="93" type="stmt"/>
         </file>
      </package>
   </project>
   <testproject name="MSD 0.0.1-SNAPSHOT" timestamp="1710900806553">
      <metrics coveredelements="22" complexity="1" loc="40" methods="1" classes="1" statements="21" packages="1" coveredconditionals="0" coveredmethods="1" elements="22" ncloc="29" files="1" conditionals="0" coveredstatements="21"/>
      <package name="net.mooctest">
         <metrics coveredelements="22" complexity="1" loc="40" methods="1" classes="1" statements="21" coveredconditionals="0" coveredmethods="1" elements="22" ncloc="29" files="1" conditionals="0" coveredstatements="21"/>
         <file path="C:\mooctest\projects\99\76\MSD\src\test\java\net\mooctest\MSDTest.java" name="MSDTest.java">
            <metrics coveredelements="22" coveredconditionals="0" complexity="1" loc="40" coveredmethods="1" methods="1" elements="22" classes="1" ncloc="29" statements="21" conditionals="0" coveredstatements="21"/>
            <class name="MSDTest">
               <metrics coveredelements="22" complexity="1" methods="1" testruns="1" statements="21" coveredconditionals="0" coveredmethods="1" elements="22" testfailures="0" testduration="0.024" conditionals="0" coveredstatements="21" testpasses="1"/>
            </class>
            <line complexity="1" visibility="public" signature="test() : void" num="11" testsuccess="true" count="1" testduration="0.024" type="method"/>
            <line num="13" count="1" type="stmt"/>
            <line num="14" count="1" type="stmt"/>
            <line num="15" count="1" type="stmt"/>
            <line num="16" count="1" type="stmt"/>
            <line num="17" count="1" type="stmt"/>
            <line num="18" count="1" type="stmt"/>
            <line num="19" count="1" type="stmt"/>
            <line num="22" count="1" type="stmt"/>
            <line num="23" count="1" type="stmt"/>
            <line num="24" count="1" type="stmt"/>
            <line num="25" count="1" type="stmt"/>
            <line num="26" count="1" type="stmt"/>
            <line num="27" count="1" type="stmt"/>
            <line num="28" count="1" type="stmt"/>
            <line num="32" count="1" type="stmt"/>
            <line num="33" count="1" type="stmt"/>
            <line num="34" count="1" type="stmt"/>
            <line num="35" count="1" type="stmt"/>
            <line num="36" count="1" type="stmt"/>
            <line num="37" count="1" type="stmt"/>
            <line num="38" count="1" type="stmt"/>
         </file>
      </package>
   </testproject>
</coverage>