<?xml version="1.0" encoding="UTF-8"?>
<coverage generated="1710901026985" clover="4.4.1">
   <project name="DecodedStringatIndex 0.0.1-SNAPSHOT" timestamp="1710901024271">
      <metrics coveredelements="34" complexity="8" loc="34" methods="1" classes="1" statements="21" packages="1" coveredconditionals="12" coveredmethods="1" elements="34" ncloc="27" files="1" conditionals="12" coveredstatements="21"/>
      <package name="net.mooctest">
         <metrics coveredelements="34" complexity="8" loc="34" methods="1" classes="1" statements="21" coveredconditionals="12" coveredmethods="1" elements="34" ncloc="27" files="1" conditionals="12" coveredstatements="21"/>
         <file path="C:\mooctest\projects\96\76\DecodedStringatIndex\src\main\java\net\mooctest\DecodedStringatIndex.java" name="DecodedStringatIndex.java">
            <metrics coveredelements="34" coveredconditionals="12" complexity="8" loc="34" coveredmethods="1" methods="1" elements="34" classes="1" ncloc="27" statements="21" conditionals="12" coveredstatements="21"/>
            <class name="DecodedStringatIndex">
               <metrics coveredelements="34" coveredconditionals="12" complexity="8" coveredmethods="1" methods="1" elements="34" statements="21" conditionals="12" coveredstatements="21"/>
            </class>
            <line complexity="8" visibility="public" signature="decodeAtIndex(String,int) : String" num="10" count="6" type="method"/>
            <line num="11" count="6" type="stmt"/>
            <line num="12" count="6" type="stmt"/>
            <line num="13" count="6" type="stmt"/>
            <line num="14" count="19" type="stmt"/>
            <line num="14" count="7" type="stmt"/>
            <line falsecount="12" truecount="7" num="14" type="cond"/>
            <line num="15" count="12" type="stmt"/>
            <line num="17" count="6" type="stmt"/>
            <line num="17" count="2" type="stmt"/>
            <line falsecount="4" truecount="2" num="17" type="cond"/>
            <line num="18" count="4" type="stmt"/>
            <line num="19" count="4" type="stmt"/>
            <line falsecount="1" truecount="10" num="19" type="cond"/>
            <line num="20" count="10" type="stmt"/>
            <line num="21" count="10" type="stmt"/>
            <line num="21" count="1" type="stmt"/>
            <line falsecount="9" truecount="1" num="21" type="cond"/>
            <line num="22" count="9" type="stmt"/>
            <line falsecount="6" truecount="3" num="22" type="cond"/>
            <line num="23" count="3" type="stmt"/>
            <line num="24" count="3" type="stmt"/>
            <line num="25" count="3" type="stmt"/>
            <line num="26" count="6" type="stmt"/>
            <line falsecount="4" truecount="2" num="26" type="cond"/>
            <line num="27" count="2" type="stmt"/>
            <line num="29" count="4" type="stmt"/>
            <line num="32" count="1" type="stmt"/>
         </file>
      </package>
   </project>
   <testproject name="DecodedStringatIndex 0.0.1-SNAPSHOT" timestamp="1710901024271">
      <metrics coveredelements="39" complexity="9" loc="45" methods="2" classes="1" statements="27" packages="1" coveredconditionals="11" coveredmethods="2" elements="41" ncloc="40" files="1" conditionals="12" coveredstatements="26"/>
      <package name="net.mooctest">
         <metrics coveredelements="39" complexity="9" loc="45" methods="2" classes="1" statements="27" coveredconditionals="11" coveredmethods="2" elements="41" ncloc="40" files="1" conditionals="12" coveredstatements="26"/>
         <file path="C:\mooctest\projects\96\76\DecodedStringatIndex\src\test\java\net\mooctest\DecodedStringatIndexTest.java" name="DecodedStringatIndexTest.java">
            <metrics coveredelements="39" coveredconditionals="11" complexity="9" loc="45" coveredmethods="2" methods="2" elements="41" classes="1" ncloc="40" statements="27" conditionals="12" coveredstatements="26"/>
            <class name="DecodedStringatIndexTest">
               <metrics coveredelements="39" complexity="9" methods="2" testruns="1" statements="27" coveredconditionals="11" coveredmethods="2" elements="41" testfailures="0" testduration="0.029" conditionals="12" coveredstatements="26" testpasses="1"/>
            </class>
            <line complexity="1" visibility="public" signature="test0() : void" num="9" testsuccess="true" count="1" testduration="0.029" type="method"/>
            <line num="12" count="1" type="stmt"/>
            <line num="13" count="1" type="stmt"/>
            <line num="14" count="1" type="stmt"/>
            <line num="15" count="1" type="stmt"/>
            <line num="16" count="1" type="stmt"/>
            <line num="17" count="1" type="stmt"/>
            <line complexity="8" visibility="public" signature="decodeAtIndexOri(String,int) : String" num="20" count="3" type="method"/>
            <line num="21" count="3" type="stmt"/>
            <line num="22" count="3" type="stmt"/>
            <line num="23" count="3" type="stmt"/>
            <line num="24" count="12" type="stmt"/>
            <line num="24" count="4" type="stmt"/>
            <line falsecount="8" truecount="4" num="24" type="cond"/>
            <line num="25" count="8" type="stmt"/>
            <line num="27" count="3" type="stmt"/>
            <line num="27" count="0" type="stmt"/>
            <line falsecount="3" truecount="0" num="27" type="cond"/>
            <line num="28" count="3" type="stmt"/>
            <line num="29" count="3" type="stmt"/>
            <line falsecount="1" truecount="9" num="29" type="cond"/>
            <line num="30" count="9" type="stmt"/>
            <line num="31" count="9" type="stmt"/>
            <line num="31" count="1" type="stmt"/>
            <line falsecount="8" truecount="1" num="31" type="cond"/>
            <line num="32" count="8" type="stmt"/>
            <line falsecount="5" truecount="3" num="32" type="cond"/>
            <line num="33" count="3" type="stmt"/>
            <line num="34" count="3" type="stmt"/>
            <line num="35" count="3" type="stmt"/>
            <line num="36" count="5" type="stmt"/>
            <line falsecount="4" truecount="1" num="36" type="cond"/>
            <line num="37" count="1" type="stmt"/>
            <line num="39" count="4" type="stmt"/>
            <line num="42" count="1" type="stmt"/>
         </file>
      </package>
   </testproject>
</coverage>