<?xml version="1.0" encoding="UTF-8"?>
<coverage generated="1712713421619" clover="4.4.1">
   <project name="Calculator 0.0.1-SNAPSHOT" timestamp="1712713313100">
      <metrics coveredelements="391" complexity="92" loc="1088" methods="30" classes="10" statements="285" packages="1" coveredconditionals="94" coveredmethods="24" elements="413" ncloc="432" files="10" conditionals="98" coveredstatements="273"/>
      <package name="net.mooctest">
         <metrics coveredelements="391" complexity="92" loc="1088" methods="30" classes="10" statements="285" coveredconditionals="94" coveredmethods="24" elements="413" ncloc="432" files="10" conditionals="98" coveredstatements="273"/>
         <file path="C:\mooctest\projects\103\76\Calculator\src\main\java\net\mooctest\Calculator.java" name="Calculator.java">
            <metrics coveredelements="126" coveredconditionals="18" complexity="12" loc="181" coveredmethods="2" methods="2" elements="126" classes="1" ncloc="120" statements="106" conditionals="18" coveredstatements="106"/>
            <class name="Calculator">
               <metrics coveredelements="126" coveredconditionals="18" complexity="12" coveredmethods="2" methods="2" elements="126" statements="106" conditionals="18" coveredstatements="106"/>
            </class>
            <line complexity="1" visibility="public" signature="evaluate(String) : String" num="40" count="30" type="method"/>
            <line num="45" count="30" type="stmt"/>
            <line num="47" count="30" type="stmt"/>
            <line complexity="11" visibility="public" signature="parseCommand(String) : void" num="58" count="10" type="method"/>
            <line num="59" count="10" type="stmt"/>
            <line falsecount="9" truecount="1" num="59" type="cond"/>
            <line num="61" count="1" type="stmt"/>
            <line num="62" count="9" type="stmt"/>
            <line falsecount="8" truecount="1" num="62" type="cond"/>
            <line num="64" count="1" type="stmt"/>
            <line num="65" count="1" type="stmt"/>
            <line num="66" count="1" type="stmt"/>
            <line num="67" count="1" type="stmt"/>
            <line num="68" count="1" type="stmt"/>
            <line num="69" count="1" type="stmt"/>
            <line num="70" count="1" type="stmt"/>
            <line num="71" count="1" type="stmt"/>
            <line num="72" count="1" type="stmt"/>
            <line num="73" count="1" type="stmt"/>
            <line num="74" count="1" type="stmt"/>
            <line num="75" count="1" type="stmt"/>
            <line num="76" count="1" type="stmt"/>
            <line num="77" count="1" type="stmt"/>
            <line num="78" count="1" type="stmt"/>
            <line num="79" count="1" type="stmt"/>
            <line num="80" count="1" type="stmt"/>
            <line num="81" count="1" type="stmt"/>
            <line num="82" count="1" type="stmt"/>
            <line num="83" count="1" type="stmt"/>
            <line num="84" count="1" type="stmt"/>
            <line num="85" count="1" type="stmt"/>
            <line num="86" count="1" type="stmt"/>
            <line num="87" count="8" type="stmt"/>
            <line falsecount="7" truecount="1" num="87" type="cond"/>
            <line num="89" count="1" type="stmt"/>
            <line num="90" count="1" type="stmt"/>
            <line num="91" count="1" type="stmt"/>
            <line num="92" count="1" type="stmt"/>
            <line num="93" count="1" type="stmt"/>
            <line num="94" count="1" type="stmt"/>
            <line num="95" count="1" type="stmt"/>
            <line num="96" count="1" type="stmt"/>
            <line num="97" count="1" type="stmt"/>
            <line num="98" count="1" type="stmt"/>
            <line num="99" count="1" type="stmt"/>
            <line num="100" count="1" type="stmt"/>
            <line num="101" count="1" type="stmt"/>
            <line num="102" count="1" type="stmt"/>
            <line num="103" count="1" type="stmt"/>
            <line num="104" count="1" type="stmt"/>
            <line num="105" count="1" type="stmt"/>
            <line num="106" count="1" type="stmt"/>
            <line num="107" count="1" type="stmt"/>
            <line num="108" count="1" type="stmt"/>
            <line num="109" count="1" type="stmt"/>
            <line num="110" count="1" type="stmt"/>
            <line num="111" count="1" type="stmt"/>
            <line num="112" count="1" type="stmt"/>
            <line num="113" count="7" type="stmt"/>
            <line falsecount="6" truecount="1" num="113" type="cond"/>
            <line num="115" count="1" type="stmt"/>
            <line num="116" count="1" type="stmt"/>
            <line num="117" count="1" type="stmt"/>
            <line num="118" count="1" type="stmt"/>
            <line num="119" count="1" type="stmt"/>
            <line num="120" count="1" type="stmt"/>
            <line num="121" count="1" type="stmt"/>
            <line num="122" count="1" type="stmt"/>
            <line num="123" count="1" type="stmt"/>
            <line num="124" count="1" type="stmt"/>
            <line num="125" count="1" type="stmt"/>
            <line num="126" count="1" type="stmt"/>
            <line num="127" count="6" type="stmt"/>
            <line falsecount="5" truecount="1" num="127" type="cond"/>
            <line num="129" count="1" type="stmt"/>
            <line num="130" count="1" type="stmt"/>
            <line num="131" count="1" type="stmt"/>
            <line num="132" count="1" type="stmt"/>
            <line num="133" count="1" type="stmt"/>
            <line num="134" count="1" type="stmt"/>
            <line num="135" count="1" type="stmt"/>
            <line num="136" count="5" type="stmt"/>
            <line falsecount="3" truecount="2" num="136" type="cond"/>
            <line num="138" count="2" type="stmt"/>
            <line num="139" count="2" type="stmt"/>
            <line num="140" count="2" type="stmt"/>
            <line num="141" count="2" type="stmt"/>
            <line num="142" count="2" type="stmt"/>
            <line num="143" count="2" type="stmt"/>
            <line num="144" count="2" type="stmt"/>
            <line num="145" count="2" type="stmt"/>
            <line num="146" count="2" type="stmt"/>
            <line num="147" count="3" type="stmt"/>
            <line falsecount="2" truecount="1" num="147" type="cond"/>
            <line num="151" count="1" type="stmt"/>
            <line num="153" count="1" type="stmt"/>
            <line falsecount="1" truecount="3" num="153" type="cond"/>
            <line num="155" count="3" type="stmt"/>
            <line num="158" count="1" type="stmt"/>
            <line num="159" count="2" type="stmt"/>
            <line falsecount="1" truecount="1" num="159" type="cond"/>
            <line num="161" count="1" type="stmt"/>
            <line num="162" count="1" type="stmt"/>
            <line num="163" count="1" type="stmt"/>
            <line num="164" count="1" type="stmt"/>
            <line num="165" count="1" type="stmt"/>
            <line num="166" count="1" type="stmt"/>
            <line num="167" count="1" type="stmt"/>
            <line num="168" count="1" type="stmt"/>
            <line num="169" count="1" type="stmt"/>
            <line num="170" count="1" type="stmt"/>
            <line num="171" count="1" type="stmt"/>
            <line num="172" count="1" type="stmt"/>
            <line num="173" count="1" type="stmt"/>
            <line num="174" count="1" type="stmt"/>
            <line num="175" count="1" type="stmt"/>
            <line num="178" count="1" type="stmt"/>
         </file>
         <file path="C:\mooctest\projects\103\76\Calculator\src\main\java\net\mooctest\CommandNotFoundException.java" name="CommandNotFoundException.java">
            <metrics coveredelements="3" coveredconditionals="0" complexity="2" loc="32" coveredmethods="1" methods="2" elements="5" classes="1" ncloc="11" statements="3" conditionals="0" coveredstatements="2"/>
            <class name="CommandNotFoundException">
               <metrics coveredelements="3" coveredconditionals="0" complexity="2" coveredmethods="1" methods="2" elements="5" statements="3" conditionals="0" coveredstatements="2"/>
            </class>
            <line complexity="1" visibility="public" signature="CommandNotFoundException(String)" num="17" count="1" type="method"/>
            <line num="18" count="1" type="stmt"/>
            <line num="19" count="1" type="stmt"/>
            <line complexity="1" visibility="public" signature="getCommand() : String" num="29" count="0" type="method"/>
            <line num="30" count="0" type="stmt"/>
         </file>
         <file path="C:\mooctest\projects\103\76\Calculator\src\main\java\net\mooctest\ExpressionParser.java" name="ExpressionParser.java">
            <metrics coveredelements="151" coveredconditionals="39" complexity="40" loc="496" coveredmethods="9" methods="9" elements="156" classes="1" ncloc="167" statements="107" conditionals="40" coveredstatements="103"/>
            <class name="ExpressionParser">
               <metrics coveredelements="151" coveredconditionals="39" complexity="40" coveredmethods="9" methods="9" elements="156" statements="107" conditionals="40" coveredstatements="103"/>
            </class>
            <line complexity="1" visibility="public" signature="ExpressionParser(int)" num="54" count="1" type="method"/>
            <line num="55" count="1" type="stmt"/>
            <line num="56" count="1" type="stmt"/>
            <line complexity="3" visibility="public" signature="addVariable(String,String) : void" num="68" count="4" type="method"/>
            <line num="70" count="4" type="stmt"/>
            <line falsecount="3" truecount="5" num="70" type="cond"/>
            <line num="72" count="5" type="stmt"/>
            <line falsecount="4" truecount="1" num="72" type="cond"/>
            <line num="73" count="1" type="stmt"/>
            <line num="74" count="1" type="stmt"/>
            <line num="81" count="3" type="stmt"/>
            <line num="82" count="3" type="stmt"/>
            <line num="83" count="3" type="stmt"/>
            <line complexity="5" visibility="public" signature="evaluate(String) : String" num="98" count="63" type="method"/>
            <line num="99" count="63" type="stmt"/>
            <line num="100" count="63" type="stmt"/>
            <line falsecount="61" truecount="2" num="100" type="cond"/>
            <line num="102" count="2" type="stmt"/>
            <line num="103" count="61" type="stmt"/>
            <line falsecount="39" truecount="22" num="103" type="cond"/>
            <line num="105" count="22" type="stmt"/>
            <line num="106" count="39" type="stmt"/>
            <line falsecount="37" truecount="2" num="106" type="cond"/>
            <line num="112" count="2" type="stmt"/>
            <line num="113" count="2" type="stmt"/>
            <line num="119" count="1" type="stmt"/>
            <line num="120" count="1" type="stmt"/>
            <line num="126" count="37" type="stmt"/>
            <line num="127" count="35" type="stmt"/>
            <line num="128" count="33" type="stmt"/>
            <line num="135" count="30" type="stmt"/>
            <line num="138" count="30" type="stmt"/>
            <line num="140" count="30" type="stmt"/>
            <line num="143" count="1" type="stmt"/>
            <line num="145" count="29" type="stmt"/>
            <line complexity="5" visibility="protected" signature="parseVariables(String) : String" num="164" count="38" type="method"/>
            <line num="169" count="38" type="stmt"/>
            <line falsecount="38" truecount="110" num="169" type="cond"/>
            <line num="171" count="110" type="stmt"/>
            <line num="178" count="38" type="stmt"/>
            <line num="179" count="38" type="stmt"/>
            <line num="180" count="38" type="stmt"/>
            <line falsecount="36" truecount="2" num="180" type="cond"/>
            <line num="185" count="2" type="stmt"/>
            <line num="191" count="36" type="stmt"/>
            <line num="192" count="36" type="stmt"/>
            <line complexity="3" visibility="protected" signature="parseParenthesis(String) : String" num="210" count="37" type="method"/>
            <line num="211" count="37" type="stmt"/>
            <line num="216" count="37" type="stmt"/>
            <line num="221" count="37" type="stmt"/>
            <line falsecount="35" truecount="14" num="221" type="cond"/>
            <line num="223" count="14" type="stmt"/>
            <line num="224" count="14" type="stmt"/>
            <line num="228" count="12" type="stmt"/>
            <line num="234" count="12" type="stmt"/>
            <line falsecount="9" truecount="3" num="234" type="cond"/>
            <line num="236" count="3" type="stmt"/>
            <line num="237" count="3" type="stmt"/>
            <line num="243" count="12" type="stmt"/>
            <line num="250" count="35" type="stmt"/>
            <line num="251" count="35" type="stmt"/>
            <line complexity="7" visibility="protected" signature="parseFunctions(String) : String" num="274" count="33" type="method"/>
            <line num="275" count="33" type="stmt"/>
            <line num="276" count="33" type="stmt"/>
            <line num="277" count="33" type="stmt"/>
            <line num="282" count="33" type="stmt"/>
            <line num="283" count="33" type="stmt"/>
            <line num="290" count="33" type="stmt"/>
            <line num="297" count="33" type="stmt"/>
            <line falsecount="30" truecount="17" num="297" type="cond"/>
            <line num="299" count="17" type="stmt"/>
            <line num="300" count="17" type="stmt"/>
            <line num="306" count="16" type="stmt"/>
            <line num="312" count="16" type="stmt"/>
            <line num="315" count="15" type="stmt"/>
            <line num="322" count="14" type="stmt"/>
            <line falsecount="13" truecount="1" num="322" type="cond"/>
            <line num="324" count="1" type="stmt"/>
            <line num="325" count="1" type="stmt"/>
            <line num="328" count="14" type="stmt"/>
            <line num="334" count="1" type="stmt"/>
            <line num="337" count="1" type="stmt"/>
            <line num="340" count="1" type="stmt"/>
            <line num="343" count="0" type="stmt"/>
            <line num="348" count="30" type="stmt"/>
            <line num="349" count="30" type="stmt"/>
            <line complexity="10" visibility="protected" signature="parseOperators(String) : String" num="367" count="30" type="method"/>
            <line num="368" count="30" type="stmt"/>
            <line num="370" count="30" type="stmt"/>
            <line num="379" count="30" type="stmt"/>
            <line falsecount="30" truecount="2" num="379" type="cond"/>
            <line num="380" count="2" type="stmt"/>
            <line num="381" count="2" type="stmt"/>
            <line num="388" count="0" type="stmt"/>
            <line num="389" count="0" type="stmt"/>
            <line num="393" count="30" type="stmt"/>
            <line num="396" count="30" type="stmt"/>
            <line num="398" count="179" type="stmt"/>
            <line falsecount="178" truecount="362" num="398" type="cond"/>
            <line num="399" count="362" type="stmt"/>
            <line falsecount="347" truecount="15" num="399" type="cond"/>
            <line num="400" count="15" type="stmt"/>
            <line num="402" count="15" type="stmt"/>
            <line falsecount="15" truecount="17" num="402" type="cond"/>
            <line num="403" count="17" type="stmt"/>
            <line num="405" count="15" type="stmt"/>
            <line falsecount="15" truecount="16" num="405" type="cond"/>
            <line num="406" count="16" type="stmt"/>
            <line num="407" count="15" type="stmt"/>
            <line num="409" count="15" type="stmt"/>
            <line num="410" count="14" type="stmt"/>
            <line num="415" count="14" type="stmt"/>
            <line num="416" count="14" type="stmt"/>
            <line num="419" count="1" type="stmt"/>
            <line num="424" count="29" type="stmt"/>
            <line num="427" count="29" type="stmt"/>
            <line num="428" count="58" type="stmt"/>
            <line num="430" count="29" type="stmt"/>
            <line complexity="1" visibility="protected" signature="adjustNumberSpacing(String) : String" num="444" count="101" type="method"/>
            <line num="446" count="101" type="stmt"/>
            <line num="451" count="101" type="stmt"/>
            <line num="452" count="101" type="stmt"/>
            <line complexity="5" visibility="protected" signature="indexOfMatchingBracket(String,int,char,char) : int" num="472" count="35" type="method"/>
            <line num="474" count="35" type="stmt"/>
            <line num="476" count="35" type="stmt"/>
            <line falsecount="3" truecount="240" num="476" type="cond"/>
            <line num="478" count="240" type="stmt"/>
            <line falsecount="208" truecount="32" num="478" type="cond"/>
            <line num="479" count="32" type="stmt"/>
            <line num="487" count="208" type="stmt"/>
            <line falsecount="204" truecount="4" num="487" type="cond"/>
            <line num="488" count="4" type="stmt"/>
            <line num="490" count="3" type="stmt"/>
            <line falsecount="0" truecount="3" num="490" type="cond"/>
            <line num="492" count="3" type="stmt"/>
            <line num="494" count="0" type="stmt"/>
         </file>
         <file path="C:\mooctest\projects\103\76\Calculator\src\main\java\net\mooctest\ExpressionParserException.java" name="ExpressionParserException.java">
            <metrics coveredelements="3" coveredconditionals="0" complexity="2" loc="29" coveredmethods="1" methods="2" elements="5" classes="1" ncloc="11" statements="3" conditionals="0" coveredstatements="2"/>
            <class name="ExpressionParserException">
               <metrics coveredelements="3" coveredconditionals="0" complexity="2" coveredmethods="1" methods="2" elements="5" statements="3" conditionals="0" coveredstatements="2"/>
            </class>
            <line complexity="1" visibility="public" signature="ExpressionParserException(String)" num="15" count="13" type="method"/>
            <line num="16" count="13" type="stmt"/>
            <line num="18" count="13" type="stmt"/>
            <line complexity="1" visibility="public" signature="getFaultyExpression() : String" num="26" count="0" type="method"/>
            <line num="27" count="0" type="stmt"/>
         </file>
         <file path="C:\mooctest\projects\103\76\Calculator\src\main\java\net\mooctest\FunctionNotFoundException.java" name="FunctionNotFoundException.java">
            <metrics coveredelements="5" coveredconditionals="0" complexity="3" loc="47" coveredmethods="2" methods="3" elements="7" classes="1" ncloc="14" statements="4" conditionals="0" coveredstatements="3"/>
            <class name="FunctionNotFoundException">
               <metrics coveredelements="5" coveredconditionals="0" complexity="3" coveredmethods="2" methods="3" elements="7" statements="4" conditionals="0" coveredstatements="3"/>
            </class>
            <line complexity="1" visibility="public" signature="FunctionNotFoundException(String,String)" num="23" count="2" type="method"/>
            <line num="24" count="2" type="stmt"/>
            <line num="25" count="2" type="stmt"/>
            <line complexity="1" visibility="public" signature="FunctionNotFoundException(String)" num="35" count="1" type="method"/>
            <line num="36" count="1" type="stmt"/>
            <line complexity="1" visibility="public" signature="getFunc() : String" num="44" count="0" type="method"/>
            <line num="45" count="0" type="stmt"/>
         </file>
         <file path="C:\mooctest\projects\103\76\Calculator\src\main\java\net\mooctest\MathParser.java" name="MathParser.java">
            <metrics coveredelements="90" coveredconditionals="37" complexity="25" loc="158" coveredmethods="4" methods="4" elements="95" classes="1" ncloc="67" statements="51" conditionals="40" coveredstatements="49"/>
            <class name="MathParser">
               <metrics coveredelements="90" coveredconditionals="37" complexity="25" coveredmethods="4" methods="4" elements="95" statements="51" conditionals="40" coveredstatements="49"/>
            </class>
            <line complexity="2" visibility="protected" signature="isNumber(String) : boolean" num="19" count="122" type="method"/>
            <line num="20" count="122" type="stmt"/>
            <line num="22" count="122" type="stmt"/>
            <line num="23" count="50" type="stmt"/>
            <line num="25" count="72" type="stmt"/>
            <line complexity="3" visibility="protected" signature="factorial(double) : double" num="37" count="2" type="method"/>
            <line num="39" count="2" type="stmt"/>
            <line falsecount="1" truecount="1" num="39" type="cond"/>
            <line num="40" count="1" type="stmt"/>
            <line num="41" count="1" type="stmt"/>
            <line num="42" count="1" type="stmt"/>
            <line falsecount="1" truecount="11" num="42" type="cond"/>
            <line num="43" count="11" type="stmt"/>
            <line num="44" count="1" type="stmt"/>
            <line complexity="7" visibility="protected" signature="solveBinaryOperation(double,String,double) : double" num="69" count="14" type="method"/>
            <line num="70" count="14" type="stmt"/>
            <line num="75" count="14" type="stmt"/>
            <line falsecount="13" truecount="1" num="75" type="cond"/>
            <line num="76" count="1" type="stmt"/>
            <line num="77" count="13" type="stmt"/>
            <line falsecount="12" truecount="1" num="77" type="cond"/>
            <line num="78" count="1" type="stmt"/>
            <line num="79" count="12" type="stmt"/>
            <line falsecount="11" truecount="1" num="79" type="cond"/>
            <line num="80" count="1" type="stmt"/>
            <line num="81" count="11" type="stmt"/>
            <line falsecount="5" truecount="6" num="81" type="cond"/>
            <line num="82" count="6" type="stmt"/>
            <line num="83" count="5" type="stmt"/>
            <line falsecount="0" truecount="5" num="83" type="cond"/>
            <line num="84" count="5" type="stmt"/>
            <line num="85" count="0" type="stmt"/>
            <line falsecount="0" truecount="0" num="85" type="cond"/>
            <line num="86" count="0" type="stmt"/>
            <line num="88" count="14" type="stmt"/>
            <line complexity="13" visibility="protected" signature="solveUnaryFunction(String,double) : double" num="120" count="15" type="method"/>
            <line num="121" count="15" type="stmt"/>
            <line num="126" count="15" type="stmt"/>
            <line falsecount="14" truecount="1" num="126" type="cond"/>
            <line num="127" count="1" type="stmt"/>
            <line num="128" count="14" type="stmt"/>
            <line falsecount="13" truecount="1" num="128" type="cond"/>
            <line num="129" count="1" type="stmt"/>
            <line num="130" count="13" type="stmt"/>
            <line falsecount="12" truecount="1" num="130" type="cond"/>
            <line num="131" count="1" type="stmt"/>
            <line num="132" count="12" type="stmt"/>
            <line falsecount="11" truecount="1" num="132" type="cond"/>
            <line num="133" count="1" type="stmt"/>
            <line num="134" count="11" type="stmt"/>
            <line falsecount="10" truecount="1" num="134" type="cond"/>
            <line num="135" count="1" type="stmt"/>
            <line num="136" count="10" type="stmt"/>
            <line falsecount="9" truecount="1" num="136" type="cond"/>
            <line num="137" count="1" type="stmt"/>
            <line num="138" count="9" type="stmt"/>
            <line falsecount="8" truecount="1" num="138" type="cond"/>
            <line num="139" count="1" type="stmt"/>
            <line num="140" count="8" type="stmt"/>
            <line falsecount="7" truecount="1" num="140" type="cond"/>
            <line num="141" count="1" type="stmt"/>
            <line num="142" count="7" type="stmt"/>
            <line falsecount="5" truecount="2" num="142" type="cond"/>
            <line num="143" count="2" type="stmt"/>
            <line num="144" count="5" type="stmt"/>
            <line falsecount="4" truecount="1" num="144" type="cond"/>
            <line num="145" count="1" type="stmt"/>
            <line num="146" count="4" type="stmt"/>
            <line falsecount="3" truecount="1" num="146" type="cond"/>
            <line num="147" count="1" type="stmt"/>
            <line num="148" count="3" type="stmt"/>
            <line falsecount="1" truecount="2" num="148" type="cond"/>
            <line num="149" count="2" type="stmt"/>
            <line num="154" count="1" type="stmt"/>
            <line num="156" count="14" type="stmt"/>
         </file>
         <file path="C:\mooctest\projects\103\76\Calculator\src\main\java\net\mooctest\MissingOperandException.java" name="MissingOperandException.java">
            <metrics coveredelements="3" coveredconditionals="0" complexity="2" loc="34" coveredmethods="1" methods="2" elements="5" classes="1" ncloc="11" statements="3" conditionals="0" coveredstatements="2"/>
            <class name="MissingOperandException">
               <metrics coveredelements="3" coveredconditionals="0" complexity="2" coveredmethods="1" methods="2" elements="5" statements="3" conditionals="0" coveredstatements="2"/>
            </class>
            <line complexity="1" visibility="public" signature="MissingOperandException(String,String)" num="20" count="2" type="method"/>
            <line num="21" count="2" type="stmt"/>
            <line num="22" count="2" type="stmt"/>
            <line complexity="1" visibility="public" signature="getOperator() : String" num="31" count="0" type="method"/>
            <line num="32" count="0" type="stmt"/>
         </file>
         <file path="C:\mooctest\projects\103\76\Calculator\src\main\java\net\mooctest\NullExpressionException.java" name="NullExpressionException.java">
            <metrics coveredelements="2" coveredconditionals="0" complexity="1" loc="20" coveredmethods="1" methods="1" elements="2" classes="1" ncloc="6" statements="1" conditionals="0" coveredstatements="1"/>
            <class name="NullExpressionException">
               <metrics coveredelements="2" coveredconditionals="0" complexity="1" coveredmethods="1" methods="1" elements="2" statements="1" conditionals="0" coveredstatements="1"/>
            </class>
            <line complexity="1" visibility="public" signature="NullExpressionException()" num="17" count="2" type="method"/>
            <line num="18" count="2" type="stmt"/>
         </file>
         <file path="C:\mooctest\projects\103\76\Calculator\src\main\java\net\mooctest\UnmatchedBracketsException.java" name="UnmatchedBracketsException.java">
            <metrics coveredelements="3" coveredconditionals="0" complexity="2" loc="39" coveredmethods="1" methods="2" elements="5" classes="1" ncloc="11" statements="3" conditionals="0" coveredstatements="2"/>
            <class name="UnmatchedBracketsException">
               <metrics coveredelements="3" coveredconditionals="0" complexity="2" coveredmethods="1" methods="2" elements="5" statements="3" conditionals="0" coveredstatements="2"/>
            </class>
            <line complexity="1" visibility="public" signature="UnmatchedBracketsException(String,int)" num="24" count="3" type="method"/>
            <line num="25" count="3" type="stmt"/>
            <line num="26" count="3" type="stmt"/>
            <line complexity="1" visibility="public" signature="getIndexOfBracket() : int" num="36" count="0" type="method"/>
            <line num="37" count="0" type="stmt"/>
         </file>
         <file path="C:\mooctest\projects\103\76\Calculator\src\main\java\net\mooctest\VariableNotFoundException.java" name="VariableNotFoundException.java">
            <metrics coveredelements="5" coveredconditionals="0" complexity="3" loc="52" coveredmethods="2" methods="3" elements="7" classes="1" ncloc="14" statements="4" conditionals="0" coveredstatements="3"/>
            <class name="VariableNotFoundException">
               <metrics coveredelements="5" coveredconditionals="0" complexity="3" coveredmethods="2" methods="3" elements="7" statements="4" conditionals="0" coveredstatements="3"/>
            </class>
            <line complexity="1" visibility="public" signature="VariableNotFoundException(String,String)" num="24" count="3" type="method"/>
            <line num="25" count="3" type="stmt"/>
            <line num="26" count="3" type="stmt"/>
            <line complexity="1" visibility="public" signature="VariableNotFoundException(String)" num="38" count="1" type="method"/>
            <line num="39" count="1" type="stmt"/>
            <line complexity="1" visibility="public" signature="getVar() : String" num="49" count="0" type="method"/>
            <line num="50" count="0" type="stmt"/>
         </file>
      </package>
   </project>
   <testproject name="Calculator 0.0.1-SNAPSHOT" timestamp="1712713313100">
      <metrics coveredelements="64" complexity="15" loc="133" methods="4" classes="1" statements="60" packages="1" coveredconditionals="0" coveredmethods="4" elements="64" ncloc="97" files="1" conditionals="0" coveredstatements="60"/>
      <package name="net.mooctest">
         <metrics coveredelements="64" complexity="15" loc="133" methods="4" classes="1" statements="60" coveredconditionals="0" coveredmethods="4" elements="64" ncloc="97" files="1" conditionals="0" coveredstatements="60"/>
         <file path="C:\mooctest\projects\103\76\Calculator\src\test\java\net\mooctest\CalculatorTest.java" name="CalculatorTest.java">
            <metrics coveredelements="64" coveredconditionals="0" complexity="15" loc="133" coveredmethods="4" methods="4" elements="64" classes="1" ncloc="97" statements="60" conditionals="0" coveredstatements="60"/>
            <class name="CalculatorTest">
               <metrics coveredelements="64" complexity="15" methods="4" testruns="4" statements="60" coveredconditionals="0" coveredmethods="4" elements="64" testfailures="0" testduration="0.135" conditionals="0" coveredstatements="60" testpasses="4"/>
            </class>
            <line complexity="3" visibility="public" signature="test00() : void" num="7" testsuccess="true" count="1" testduration="0.042" type="method"/>
            <line num="9" count="1" type="stmt"/>
            <line num="10" count="1" type="stmt"/>
            <line num="11" count="1" type="stmt"/>
            <line num="12" count="1" type="stmt"/>
            <line num="18" count="1" type="stmt"/>
            <line num="20" count="1" type="stmt"/>
            <line num="21" count="1" type="stmt"/>
            <line num="22" count="1" type="stmt"/>
            <line num="23" count="1" type="stmt"/>
            <line num="24" count="1" type="stmt"/>
            <line num="25" count="1" type="stmt"/>
            <line complexity="2" visibility="public" signature="test01() : void" num="31" testsuccess="true" count="1" testduration="0.041" type="method"/>
            <line num="33" count="1" type="stmt"/>
            <line num="34" count="1" type="stmt"/>
            <line num="35" count="1" type="stmt"/>
            <line num="36" count="1" type="stmt"/>
            <line num="37" count="1" type="stmt"/>
            <line num="38" count="1" type="stmt"/>
            <line num="39" count="1" type="stmt"/>
            <line num="40" count="1" type="stmt"/>
            <line num="41" count="1" type="stmt"/>
            <line num="42" count="1" type="stmt"/>
            <line num="43" count="1" type="stmt"/>
            <line complexity="6" visibility="public" signature="test02() : void" num="50" testsuccess="true" count="1" testduration="0.052" type="method"/>
            <line num="52" count="1" type="stmt"/>
            <line num="53" count="1" type="stmt"/>
            <line num="54" count="1" type="stmt"/>
            <line num="55" count="1" type="stmt"/>
            <line num="56" count="1" type="stmt"/>
            <line num="57" count="1" type="stmt"/>
            <line num="58" count="1" type="stmt"/>
            <line num="60" count="1" type="stmt"/>
            <line num="61" count="1" type="stmt"/>
            <line num="62" count="1" type="stmt"/>
            <line num="63" count="1" type="stmt"/>
            <line num="64" count="1" type="stmt"/>
            <line num="65" count="1" type="stmt"/>
            <line num="66" count="1" type="stmt"/>
            <line num="67" count="1" type="stmt"/>
            <line num="68" count="1" type="stmt"/>
            <line num="69" count="1" type="stmt"/>
            <line num="70" count="1" type="stmt"/>
            <line num="71" count="1" type="stmt"/>
            <line num="72" count="1" type="stmt"/>
            <line num="74" count="1" type="stmt"/>
            <line num="75" count="1" type="stmt"/>
            <line num="76" count="1" type="stmt"/>
            <line num="81" count="1" type="stmt"/>
            <line num="82" count="1" type="stmt"/>
            <line num="87" count="1" type="stmt"/>
            <line num="88" count="1" type="stmt"/>
            <line num="93" count="1" type="stmt"/>
            <line num="94" count="1" type="stmt"/>
            <line num="100" count="1" type="stmt"/>
            <line num="101" count="1" type="stmt"/>
            <line complexity="4" visibility="public" signature="test03() : void" num="109" testsuccess="true" count="1" testduration="0.0" type="method"/>
            <line num="111" count="1" type="stmt"/>
            <line num="112" count="1" type="stmt"/>
            <line num="117" count="1" type="stmt"/>
            <line num="118" count="1" type="stmt"/>
            <line num="124" count="1" type="stmt"/>
            <line num="125" count="1" type="stmt"/>
            <line num="131" count="1" type="stmt"/>
         </file>
      </package>
   </testproject>
</coverage>